[debug] [2025-05-06T15:09:30.416Z] ----------------------------------------------------------------------
[debug] [2025-05-06T15:09:30.425Z] Command:       C:\Program Files\nodejs\node.exe C:\Users\JoaoGouveia\AppData\Roaming\npm\node_modules\firebase-tools\lib\bin\firebase.js init
[debug] [2025-05-06T15:09:30.426Z] CLI Version:   14.2.2
[debug] [2025-05-06T15:09:30.426Z] Platform:      win32
[debug] [2025-05-06T15:09:30.426Z] Node Version:  v22.15.0
[debug] [2025-05-06T15:09:30.427Z] Time:          Tue May 06 2025 16:09:30 GMT+0100 (Hora de verão da Europa Ocidental)
[debug] [2025-05-06T15:09:30.427Z] ----------------------------------------------------------------------
[debug] 
[debug] [2025-05-06T15:09:30.443Z] > command requires scopes: ["email","openid","https://www.googleapis.com/auth/cloudplatformprojects.readonly","https://www.googleapis.com/auth/firebase","https://www.googleapis.com/auth/cloud-platform"]
[debug] [2025-05-06T15:09:30.444Z] > authorizing via signed-in user (jpsgouveia7@gmail.com)
[info] 
     ######## #### ########  ######## ########     ###     ######  ########
     ##        ##  ##     ## ##       ##     ##  ##   ##  ##       ##
     ######    ##  ########  ######   ########  #########  ######  ######
     ##        ##  ##    ##  ##       ##     ## ##     ##       ## ##
     ##       #### ##     ## ######## ########  ##     ##  ######  ########

You're about to initialize a Firebase project in this directory:

  c:\Ponce\Web\List\minhas_listas_pwa

Before we get started, keep in mind:

  * You are currently outside your home directory

[info] 
=== Project Setup
[info] 
[info] First, let's associate this project directory with a Firebase project.
[info] You can create multiple project aliases by running firebase use --add, 
[info] but for now we'll just set up a default project.
[info] 
[debug] [2025-05-06T15:09:52.334Z] Checked if tokens are valid: true, expires at: 1746546912567
[debug] [2025-05-06T15:09:52.335Z] Checked if tokens are valid: true, expires at: 1746546912567
[debug] [2025-05-06T15:09:52.339Z] >>> [apiv2][query] GET https://firebase.googleapis.com/v1beta1/projects pageSize=100
[debug] [2025-05-06T15:09:53.022Z] <<< [apiv2][status] GET https://firebase.googleapis.com/v1beta1/projects 200
[debug] [2025-05-06T15:09:53.022Z] <<< [apiv2][body] GET https://firebase.googleapis.com/v1beta1/projects [omitted]
[info] i  Using project minhaslistas-e2e62 (MinhasListas) 
[info] 
=== Hosting Setup
[debug] [2025-05-06T15:10:58.016Z] Checked if tokens are valid: true, expires at: 1746546912567
[debug] [2025-05-06T15:10:58.016Z] Checked if tokens are valid: true, expires at: 1746546912567
[debug] [2025-05-06T15:10:58.017Z] >>> [apiv2][query] GET https://firebase.googleapis.com/v1beta1/projects/minhaslistas-e2e62 [none]
[debug] [2025-05-06T15:10:58.506Z] <<< [apiv2][status] GET https://firebase.googleapis.com/v1beta1/projects/minhaslistas-e2e62 200
[debug] [2025-05-06T15:10:58.507Z] <<< [apiv2][body] GET https://firebase.googleapis.com/v1beta1/projects/minhaslistas-e2e62 {"projectId":"minhaslistas-e2e62","projectNumber":"481150895107","displayName":"MinhasListas","name":"projects/minhaslistas-e2e62","resources":{"hostingSite":"minhaslistas-e2e62","realtimeDatabaseInstance":"minhaslistas-e2e62-default-rtdb"},"state":"ACTIVE","etag":"1_182aa4fa-4e65-430e-8a15-0bd84615b66d"}
[info] 
[info] Your public directory is the folder (relative to your project directory) that
[info] will contain Hosting assets to be uploaded with firebase deploy. If you
[info] have a build process for your assets, use your build's output directory.
[info] 
[info] +  Wrote public/404.html 
[debug] [2025-05-06T15:12:07.523Z] >>> [apiv2][query] GET https://www.gstatic.com/firebasejs/releases.json [none]
[debug] [2025-05-06T15:12:07.713Z] <<< [apiv2][status] GET https://www.gstatic.com/firebasejs/releases.json 200
[debug] [2025-05-06T15:12:07.713Z] <<< [apiv2][body] GET https://www.gstatic.com/firebasejs/releases.json {"current":{"version":"11.6.1","browserURL":"https://www.gstatic.com/firebasejs/11.6.1/firebase.js","packageURL":"https://www.gstatic.com/firebasejs/11.6.1/firebase.tgz"},"live":{"version":"11.6","browserURL":"https://www.gstatic.com/firebasejs/live/11.6/firebase.js","packageURL":"https://www.gstatic.com/firebasejs/live/11.6/firebase.tgz"},"components":{"analytics":"https://www.gstatic.com/firebasejs/11.6.1/firebase-analytics.js","app":"https://www.gstatic.com/firebasejs/11.6.1/firebase-app.js","app-check":"https://www.gstatic.com/firebasejs/11.6.1/firebase-app-check.js","auth":"https://www.gstatic.com/firebasejs/11.6.1/firebase-auth.js","auth/cordova":"https://www.gstatic.com/firebasejs/11.6.1/firebase-auth/cordova.js","auth/web-extension":"https://www.gstatic.com/firebasejs/11.6.1/firebase-auth/web-extension.js","functions":"https://www.gstatic.com/firebasejs/11.6.1/firebase-functions.js","firestore":"https://www.gstatic.com/firebasejs/11.6.1/firebase-firestore.js","firestore/lite":"https://www.gstatic.com/firebasejs/11.6.1/firebase-firestore/lite.js","installations":"https://www.gstatic.com/firebasejs/11.6.1/firebase-installations.js","storage":"https://www.gstatic.com/firebasejs/11.6.1/firebase-storage.js","performance":"https://www.gstatic.com/firebasejs/11.6.1/firebase-performance.js","remote-config":"https://www.gstatic.com/firebasejs/11.6.1/firebase-remote-config.js","messaging":"https://www.gstatic.com/firebasejs/11.6.1/firebase-messaging.js","messaging/sw":"https://www.gstatic.com/firebasejs/11.6.1/firebase-messaging/sw.js","database":"https://www.gstatic.com/firebasejs/11.6.1/firebase-database.js","vertexai":"https://www.gstatic.com/firebasejs/11.6.1/firebase-vertexai.js","data-connect":"https://www.gstatic.com/firebasejs/11.6.1/firebase-data-connect.js","firestore.memory":"https://www.gstatic.com/firebasejs/11.6.1/firebase-firestore.memory.js"}}
[info] +  Wrote public/index.html 
[info] 
[info] i  Detected a .git folder at c:\Ponce\Web\List\minhas_listas_pwa 
[info] i  Authorizing with GitHub to upload your service account to a GitHub repository's secrets store. 
[info] 
[info] Visit this URL on this device to log in:
[info] https://github.com/login/oauth/authorize?client_id=89cf50f02ac6aaed3484&state=364085574&redirect_uri=http%3A%2F%2Flocalhost%3A9005&scope=read%3Auser%20repo%20public_repo
[info] 
[info] Waiting for authentication...
